TN:
SF:src\components\Button\index.tsx
FN:12,(anonymous_0)
FNF:1
FNH:1
FNDA:1,(anonymous_0)
DA:12,1
DA:13,1
DA:18,1
LF:3
LH:3
BRF:0
BRH:0
end_of_record
TN:
SF:src\components\Input\index.tsx
FN:28,(anonymous_0)
FN:41,(anonymous_1)
FN:45,(anonymous_2)
FN:51,(anonymous_3)
FN:52,(anonymous_4)
FN:57,(anonymous_5)
FN:62,(anonymous_6)
FN:66,(anonymous_7)
FN:88,(anonymous_8)
FNF:9
FNH:3
FNDA:2,(anonymous_0)
FNDA:0,(anonymous_1)
FNDA:0,(anonymous_2)
FNDA:1,(anonymous_3)
FNDA:0,(anonymous_4)
FNDA:2,(anonymous_5)
FNDA:0,(anonymous_6)
FNDA:0,(anonymous_7)
FNDA:0,(anonymous_8)
DA:28,1
DA:32,2
DA:34,2
DA:36,2
DA:38,2
DA:39,2
DA:41,2
DA:42,0
DA:45,2
DA:46,0
DA:48,0
DA:51,2
DA:53,0
DA:57,2
DA:58,2
DA:63,0
DA:64,0
DA:67,0
DA:68,0
DA:73,2
DA:89,0
LF:21
LH:12
BRDA:29,0,0,2
BRDA:34,1,0,2
BRDA:78,2,0,0
BRDA:78,2,1,2
BRDA:78,3,0,2
BRDA:78,3,1,2
BRF:6
BRH:5
end_of_record
TN:
SF:src\hooks\auth.tsx
FN:39,(anonymous_0)
FN:43,(anonymous_1)
FN:44,loadStorageData
FN:62,(anonymous_3)
FN:77,(anonymous_4)
FN:84,(anonymous_5)
FN:104,useAuth
FNF:7
FNH:1
FNDA:0,(anonymous_0)
FNDA:0,(anonymous_1)
FNDA:0,loadStorageData
FNDA:0,(anonymous_3)
FNDA:0,(anonymous_4)
FNDA:0,(anonymous_5)
FNDA:1,useAuth
DA:37,1
DA:39,1
DA:40,0
DA:41,0
DA:43,0
DA:45,0
DA:50,0
DA:51,0
DA:53,0
DA:56,0
DA:59,0
DA:62,0
DA:63,0
DA:65,0
DA:67,0
DA:72,0
DA:74,0
DA:77,0
DA:78,0
DA:80,0
DA:83,0
DA:85,0
DA:87,0
DA:95,0
DA:105,1
DA:107,1
DA:108,0
DA:111,1
LF:28
LH:5
BRDA:50,0,0,0
BRDA:50,0,1,0
BRDA:50,1,0,0
BRDA:50,1,1,0
BRDA:107,2,0,0
BRDA:107,2,1,1
BRF:6
BRH:1
end_of_record
TN:
SF:src\pages\AppointmentCreated\index.tsx
FN:19,(anonymous_0)
FN:25,(anonymous_1)
FN:36,(anonymous_2)
FNF:3
FNH:0
FNDA:0,(anonymous_0)
FNDA:0,(anonymous_1)
FNDA:0,(anonymous_2)
DA:19,0
DA:20,0
DA:21,0
DA:23,0
DA:25,0
DA:26,0
DA:36,0
DA:37,0
DA:44,0
LF:9
LH:0
BRF:0
BRH:0
end_of_record
TN:
SF:src\pages\CreateAppointment\index.tsx
FN:52,(anonymous_0)
FN:71,(anonymous_1)
FN:72,(anonymous_2)
FN:77,(anonymous_3)
FN:86,(anonymous_4)
FN:91,(anonymous_5)
FN:95,(anonymous_6)
FN:99,(anonymous_7)
FN:100,(anonymous_8)
FN:104,(anonymous_9)
FN:116,(anonymous_10)
FN:120,(anonymous_11)
FN:141,(anonymous_12)
FN:143,(anonymous_13)
FN:144,(anonymous_14)
FN:153,(anonymous_15)
FN:155,(anonymous_16)
FN:156,(anonymous_17)
FN:183,(anonymous_18)
FN:184,(anonymous_19)
FN:187,(anonymous_20)
FN:225,(anonymous_21)
FN:231,(anonymous_22)
FN:246,(anonymous_23)
FN:252,(anonymous_24)
FNF:25
FNH:0
FNDA:0,(anonymous_0)
FNDA:0,(anonymous_1)
FNDA:0,(anonymous_2)
FNDA:0,(anonymous_3)
FNDA:0,(anonymous_4)
FNDA:0,(anonymous_5)
FNDA:0,(anonymous_6)
FNDA:0,(anonymous_7)
FNDA:0,(anonymous_8)
FNDA:0,(anonymous_9)
FNDA:0,(anonymous_10)
FNDA:0,(anonymous_11)
FNDA:0,(anonymous_12)
FNDA:0,(anonymous_13)
FNDA:0,(anonymous_14)
FNDA:0,(anonymous_15)
FNDA:0,(anonymous_16)
FNDA:0,(anonymous_17)
FNDA:0,(anonymous_18)
FNDA:0,(anonymous_19)
FNDA:0,(anonymous_20)
FNDA:0,(anonymous_21)
FNDA:0,(anonymous_22)
FNDA:0,(anonymous_23)
FNDA:0,(anonymous_24)
DA:52,0
DA:53,0
DA:55,0
DA:57,0
DA:59,0
DA:60,0
DA:61,0
DA:62,0
DA:63,0
DA:65,0
DA:67,0
DA:71,0
DA:72,0
DA:73,0
DA:77,0
DA:78,0
DA:87,0
DA:91,0
DA:92,0
DA:95,0
DA:96,0
DA:99,0
DA:100,0
DA:103,0
DA:105,0
DA:106,0
DA:109,0
DA:110,0
DA:116,0
DA:117,0
DA:120,0
DA:121,0
DA:122,0
DA:124,0
DA:125,0
DA:127,0
DA:132,0
DA:134,0
DA:141,0
DA:142,0
DA:143,0
DA:145,0
DA:153,0
DA:154,0
DA:155,0
DA:157,0
DA:165,0
DA:183,0
DA:185,0
DA:187,0
DA:226,0
DA:231,0
DA:247,0
DA:252,0
LF:54
LH:0
BRDA:105,0,0,0
BRDA:105,0,1,0
BRDA:109,1,0,0
BRDA:109,1,1,0
BRDA:207,2,0,0
BRDA:207,2,1,0
BRF:6
BRH:0
end_of_record
TN:
SF:src\pages\Dashboard\index.tsx
FN:33,(anonymous_0)
FN:40,(anonymous_1)
FN:41,(anonymous_2)
FN:46,(anonymous_3)
FN:51,(anonymous_4)
FN:73,(anonymous_5)
FN:77,(anonymous_6)
FN:79,(anonymous_7)
FNF:8
FNH:0
FNDA:0,(anonymous_0)
FNDA:0,(anonymous_1)
FNDA:0,(anonymous_2)
FNDA:0,(anonymous_3)
FNDA:0,(anonymous_4)
FNDA:0,(anonymous_5)
FNDA:0,(anonymous_6)
FNDA:0,(anonymous_7)
DA:33,0
DA:34,0
DA:36,0
DA:38,0
DA:40,0
DA:41,0
DA:42,0
DA:46,0
DA:47,0
DA:50,0
DA:52,0
DA:57,0
DA:73,0
DA:78,0
DA:79,0
LF:15
LH:0
BRF:0
BRH:0
end_of_record
TN:
SF:src\pages\Profile\index.tsx
FN:42,(anonymous_0)
FN:55,(anonymous_1)
FN:66,(anonymous_2)
FN:74,(anonymous_3)
FN:135,(anonymous_4)
FN:140,(anonymous_5)
FN:156,(anonymous_6)
FN:163,(anonymous_7)
FN:198,(anonymous_8)
FN:211,(anonymous_9)
FN:224,(anonymous_10)
FN:235,(anonymous_11)
FN:246,(anonymous_12)
FN:250,(anonymous_13)
FNF:14
FNH:0
FNDA:0,(anonymous_0)
FNDA:0,(anonymous_1)
FNDA:0,(anonymous_2)
FNDA:0,(anonymous_3)
FNDA:0,(anonymous_4)
FNDA:0,(anonymous_5)
FNDA:0,(anonymous_6)
FNDA:0,(anonymous_7)
FNDA:0,(anonymous_8)
FNDA:0,(anonymous_9)
FNDA:0,(anonymous_10)
FNDA:0,(anonymous_11)
FNDA:0,(anonymous_12)
FNDA:0,(anonymous_13)
DA:42,0
DA:43,0
DA:45,0
DA:47,0
DA:48,0
DA:49,0
DA:50,0
DA:52,0
DA:54,0
DA:56,0
DA:57,0
DA:59,0
DA:66,0
DA:74,0
DA:86,0
DA:96,0
DA:98,0
DA:110,0
DA:112,0
DA:114,0
DA:116,0
DA:118,0
DA:119,0
DA:121,0
DA:123,0
DA:126,0
DA:135,0
DA:136,0
DA:141,0
DA:142,0
DA:144,0
DA:145,0
DA:148,0
DA:150,0
DA:156,0
DA:157,0
DA:163,0
DA:164,0
DA:167,0
DA:199,0
DA:212,0
DA:224,0
DA:235,0
DA:246,0
DA:250,0
LF:45
LH:0
BRDA:101,0,0,0
BRDA:101,0,1,0
BRDA:118,1,0,0
BRDA:118,1,1,0
BRDA:141,2,0,0
BRDA:141,2,1,0
BRDA:144,3,0,0
BRDA:144,3,1,0
BRDA:171,4,0,0
BRDA:171,4,1,0
BRF:10
BRH:0
end_of_record
TN:
SF:src\pages\SignIn\index.tsx
FN:40,(anonymous_0)
FN:50,(anonymous_1)
FN:114,(anonymous_2)
FN:125,(anonymous_3)
FN:129,(anonymous_4)
FN:135,(anonymous_5)
FN:142,(anonymous_6)
FNF:7
FNH:1
FNDA:1,(anonymous_0)
FNDA:0,(anonymous_1)
FNDA:0,(anonymous_2)
FNDA:0,(anonymous_3)
FNDA:0,(anonymous_4)
FNDA:0,(anonymous_5)
FNDA:0,(anonymous_6)
DA:40,1
DA:41,1
DA:43,1
DA:45,1
DA:47,1
DA:49,1
DA:51,0
DA:52,0
DA:54,0
DA:61,0
DA:65,0
DA:70,0
DA:71,0
DA:73,0
DA:75,0
DA:78,0
DA:87,1
DA:115,0
DA:125,0
DA:129,0
DA:135,0
DA:142,0
LF:22
LH:7
BRDA:70,0,0,0
BRDA:70,0,1,0
BRDA:91,1,0,1
BRDA:91,1,1,0
BRF:4
BRH:1
end_of_record
TN:
SF:src\pages\SignUp\index.tsx
FN:34,(anonymous_0)
FN:43,(anonymous_1)
FN:110,(anonymous_2)
FN:123,(anonymous_3)
FN:135,(anonymous_4)
FN:139,(anonymous_5)
FN:148,(anonymous_6)
FNF:7
FNH:0
FNDA:0,(anonymous_0)
FNDA:0,(anonymous_1)
FNDA:0,(anonymous_2)
FNDA:0,(anonymous_3)
FNDA:0,(anonymous_4)
FNDA:0,(anonymous_5)
FNDA:0,(anonymous_6)
DA:34,0
DA:35,0
DA:37,0
DA:38,0
DA:40,0
DA:42,0
DA:44,0
DA:45,0
DA:47,0
DA:55,0
DA:59,0
DA:61,0
DA:66,0
DA:68,0
DA:69,0
DA:71,0
DA:73,0
DA:76,0
DA:85,0
DA:111,0
DA:124,0
DA:135,0
DA:139,0
DA:148,0
LF:24
LH:0
BRDA:68,0,0,0
BRDA:68,0,1,0
BRDA:89,1,0,0
BRDA:89,1,1,0
BRF:4
BRH:0
end_of_record
